2025-06-10T04:50:12.340Z [INFO]:  Server running at http://localhost:3000
2025-06-10T04:50:13.695Z [INFO]:  MongoDB Connected
2025-06-10T04:52:15.113Z [INFO]: User registered: abcuser@example.com
2025-06-10T04:53:59.583Z [INFO]: POST /name saved: abccc
2025-06-10T04:54:48.443Z [INFO]:  Server running at http://localhost:3000
2025-06-10T04:54:49.472Z [INFO]:  MongoDB Connected
2025-06-10T04:55:04.349Z [INFO]:  Server running at http://localhost:3000
2025-06-10T04:55:05.571Z [INFO]:  MongoDB Connected
2025-06-10T04:55:18.953Z [INFO]:  Server running at http://localhost:3000
2025-06-10T04:55:19.611Z [INFO]:  MongoDB Connected
2025-06-10T09:36:39.936Z [INFO]:  Server running at http://localhost:3000
2025-06-10T09:36:39.939Z [ERROR]:  MongoDB Connection Error: MongooseError: The `uri` parameter to `openUri()` must be a string, got "undefined". Make sure the first parameter to `mongoose.connect()` or `mongoose.createConnection()` is a string.
2025-06-10T09:36:53.608Z [INFO]:  Server running at http://localhost:3000
2025-06-10T09:36:56.006Z [INFO]:  MongoDB Connected
2025-06-10T09:40:07.296Z [INFO]: User registered: abcm@gmail.com
2025-06-10T09:40:32.342Z [INFO]: User logged in: abcm@gmail.com
2025-06-10T16:07:40.287Z [INFO]:  Server running at http://localhost:3000
2025-06-10T16:07:43.807Z [INFO]:  MongoDB Connected
2025-06-11T03:29:15.698Z [INFO]:  Server running at http://localhost:3000
2025-06-11T03:29:17.475Z [INFO]:  MongoDB Connected
2025-06-11T03:32:06.034Z [INFO]:  Server running at http://localhost:3000
2025-06-11T03:32:08.625Z [INFO]:  Server running at http://localhost:3000
2025-06-11T03:32:09.894Z [INFO]:  MongoDB Connected
2025-06-11T03:34:56.541Z [INFO]:  Server running at http://localhost:3000
2025-06-11T03:34:57.441Z [INFO]:  MongoDB Connected
2025-06-11T03:35:17.257Z [INFO]: User registered: mauryasamiksha188@gmail.com
2025-06-11T03:35:21.872Z [WARN]: POST /register - Email already exists: mauryasamiksha188@gmail.com
2025-06-11T03:35:39.847Z [INFO]: User logged in: mauryasamiksha188@gmail.com
2025-06-11T03:35:51.025Z [INFO]: POST /name saved: samiksha
2025-06-11T03:40:01.000Z [INFO]: User registered: uhh23@gmail.com
2025-06-11T03:40:23.693Z [INFO]: User registered: sggt5@gmail.com
2025-06-11T03:42:00.152Z [INFO]: User registered: bcbsjj45@gmail.com
2025-06-11T03:42:12.363Z [INFO]: User logged in: mauryasamiksha188@gmail.com
2025-06-11T03:43:09.795Z [INFO]: User logged in: mauryasamiksha188@gmail.com
2025-06-11T03:44:26.283Z [INFO]: POST /name saved: samiksha
2025-06-11T03:57:27.243Z [INFO]: User logged in: mauryasamiksha188@gmail.com
2025-06-11T03:57:44.998Z [INFO]: User registered: gff323@gmail.com
2025-06-12T08:37:35.137Z [INFO]:  Server running at http://localhost:3000
2025-06-12T08:37:36.018Z [INFO]:  MongoDB Connected
2025-06-12T08:37:39.545Z [INFO]:  Server running at http://localhost:3000
2025-06-12T08:37:40.340Z [INFO]:  MongoDB Connected
